  hitRegion.cpp
c:\users\s189072\source\repos\rhythm-game\rhythm-game\hitregion.cpp(60): warning C4244: 'argument': conversion from 'float' to 'int', possible loss of data
LINK : warning LNK4098: defaultlib 'MSVCRTD' conflicts with use of other libs; use /NODEFAULTLIB:library
  Generating code
  2 of 524 functions ( 0.4%) were compiled, the rest were copied from previous compilation.
    0 functions were new in current compilation
    1 functions had inline decision re-evaluated but remain unchanged
  Finished generating code
raylib.lib(audio.obj) : warning LNK4099: PDB 'raylib.pdb' was not found with 'raylib.lib(audio.obj)' or at 'C:\Users\s189072\source\repos\Rhythm-Game\x64\Release\raylib.pdb'; linking object as if no debug info
raylib.lib(core.obj) : warning LNK4099: PDB 'raylib.pdb' was not found with 'raylib.lib(core.obj)' or at 'C:\Users\s189072\source\repos\Rhythm-Game\x64\Release\raylib.pdb'; linking object as if no debug info
raylib.lib(shapes.obj) : warning LNK4099: PDB 'raylib.pdb' was not found with 'raylib.lib(shapes.obj)' or at 'C:\Users\s189072\source\repos\Rhythm-Game\x64\Release\raylib.pdb'; linking object as if no debug info
raylib.lib(text.obj) : warning LNK4099: PDB 'raylib.pdb' was not found with 'raylib.lib(text.obj)' or at 'C:\Users\s189072\source\repos\Rhythm-Game\x64\Release\raylib.pdb'; linking object as if no debug info
raylib.lib(textures.obj) : warning LNK4099: PDB 'raylib.pdb' was not found with 'raylib.lib(textures.obj)' or at 'C:\Users\s189072\source\repos\Rhythm-Game\x64\Release\raylib.pdb'; linking object as if no debug info
raylib.lib(utils.obj) : warning LNK4099: PDB 'raylib.pdb' was not found with 'raylib.lib(utils.obj)' or at 'C:\Users\s189072\source\repos\Rhythm-Game\x64\Release\raylib.pdb'; linking object as if no debug info
raylib.lib(mini_al.obj) : warning LNK4099: PDB 'raylib.pdb' was not found with 'raylib.lib(mini_al.obj)' or at 'C:\Users\s189072\source\repos\Rhythm-Game\x64\Release\raylib.pdb'; linking object as if no debug info
raylib.lib(stb_vorbis.obj) : warning LNK4099: PDB 'raylib.pdb' was not found with 'raylib.lib(stb_vorbis.obj)' or at 'C:\Users\s189072\source\repos\Rhythm-Game\x64\Release\raylib.pdb'; linking object as if no debug info
raylib.lib(context.obj) : warning LNK4099: PDB 'glfw_objlib.pdb' was not found with 'raylib.lib(context.obj)' or at 'C:\Users\s189072\source\repos\Rhythm-Game\x64\Release\glfw_objlib.pdb'; linking object as if no debug info
raylib.lib(init.obj) : warning LNK4099: PDB 'glfw_objlib.pdb' was not found with 'raylib.lib(init.obj)' or at 'C:\Users\s189072\source\repos\Rhythm-Game\x64\Release\glfw_objlib.pdb'; linking object as if no debug info
raylib.lib(input.obj) : warning LNK4099: PDB 'glfw_objlib.pdb' was not found with 'raylib.lib(input.obj)' or at 'C:\Users\s189072\source\repos\Rhythm-Game\x64\Release\glfw_objlib.pdb'; linking object as if no debug info
raylib.lib(monitor.obj) : warning LNK4099: PDB 'glfw_objlib.pdb' was not found with 'raylib.lib(monitor.obj)' or at 'C:\Users\s189072\source\repos\Rhythm-Game\x64\Release\glfw_objlib.pdb'; linking object as if no debug info
raylib.lib(vulkan.obj) : warning LNK4099: PDB 'glfw_objlib.pdb' was not found with 'raylib.lib(vulkan.obj)' or at 'C:\Users\s189072\source\repos\Rhythm-Game\x64\Release\glfw_objlib.pdb'; linking object as if no debug info
raylib.lib(window.obj) : warning LNK4099: PDB 'glfw_objlib.pdb' was not found with 'raylib.lib(window.obj)' or at 'C:\Users\s189072\source\repos\Rhythm-Game\x64\Release\glfw_objlib.pdb'; linking object as if no debug info
raylib.lib(win32_init.obj) : warning LNK4099: PDB 'glfw_objlib.pdb' was not found with 'raylib.lib(win32_init.obj)' or at 'C:\Users\s189072\source\repos\Rhythm-Game\x64\Release\glfw_objlib.pdb'; linking object as if no debug info
raylib.lib(win32_joystick.obj) : warning LNK4099: PDB 'glfw_objlib.pdb' was not found with 'raylib.lib(win32_joystick.obj)' or at 'C:\Users\s189072\source\repos\Rhythm-Game\x64\Release\glfw_objlib.pdb'; linking object as if no debug info
raylib.lib(win32_monitor.obj) : warning LNK4099: PDB 'glfw_objlib.pdb' was not found with 'raylib.lib(win32_monitor.obj)' or at 'C:\Users\s189072\source\repos\Rhythm-Game\x64\Release\glfw_objlib.pdb'; linking object as if no debug info
raylib.lib(win32_time.obj) : warning LNK4099: PDB 'glfw_objlib.pdb' was not found with 'raylib.lib(win32_time.obj)' or at 'C:\Users\s189072\source\repos\Rhythm-Game\x64\Release\glfw_objlib.pdb'; linking object as if no debug info
raylib.lib(win32_thread.obj) : warning LNK4099: PDB 'glfw_objlib.pdb' was not found with 'raylib.lib(win32_thread.obj)' or at 'C:\Users\s189072\source\repos\Rhythm-Game\x64\Release\glfw_objlib.pdb'; linking object as if no debug info
raylib.lib(win32_window.obj) : warning LNK4099: PDB 'glfw_objlib.pdb' was not found with 'raylib.lib(win32_window.obj)' or at 'C:\Users\s189072\source\repos\Rhythm-Game\x64\Release\glfw_objlib.pdb'; linking object as if no debug info
raylib.lib(wgl_context.obj) : warning LNK4099: PDB 'glfw_objlib.pdb' was not found with 'raylib.lib(wgl_context.obj)' or at 'C:\Users\s189072\source\repos\Rhythm-Game\x64\Release\glfw_objlib.pdb'; linking object as if no debug info
raylib.lib(egl_context.obj) : warning LNK4099: PDB 'glfw_objlib.pdb' was not found with 'raylib.lib(egl_context.obj)' or at 'C:\Users\s189072\source\repos\Rhythm-Game\x64\Release\glfw_objlib.pdb'; linking object as if no debug info
raylib.lib(osmesa_context.obj) : warning LNK4099: PDB 'glfw_objlib.pdb' was not found with 'raylib.lib(osmesa_context.obj)' or at 'C:\Users\s189072\source\repos\Rhythm-Game\x64\Release\glfw_objlib.pdb'; linking object as if no debug info
  Rhythm-Game.vcxproj -> C:\Users\s189072\source\repos\Rhythm-Game\x64\Release\Rhythm-Game.exe
